[    3619ms] [INFO] Helios: confiant disable  @ :5
[    3619ms] [INFO] Helios: helios disable  @ :5
[    4905ms] Error: Minified React error #418; visit https://react.dev/errors/418?args[]=HTML&args[]= for the full message or use the non-minified dev environment for full errors and additional helpful warnings.
    at rQ (https://weather.com/_next/static/chunks/407047f5-9db8.js?dpl=dpl_6mvSuGWkee2HYUq1UG98CoqNj8xK:6:105197)
    at rZ (https://weather.com/_next/static/chunks/407047f5-9db8.js?dpl=dpl_6mvSuGWkee2HYUq1UG98CoqNj8xK:6:106565)
    at https://weather.com/_next/static/chunks/407047f5-9db8.js?dpl=dpl_6mvSuGWkee2HYUq1UG98CoqNj8xK:6:200572
    at sm (https://weather.com/_next/static/chunks/407047f5-9db8.js?dpl=dpl_6mvSuGWkee2HYUq1UG98CoqNj8xK:6:205739)
    at sd (https://weather.com/_next/static/chunks/407047f5-9db8.js?dpl=dpl_6mvSuGWkee2HYUq1UG98CoqNj8xK:6:196989)
    at https://weather.com/_next/static/chunks/407047f5-9db8.js?dpl=dpl_6mvSuGWkee2HYUq1UG98CoqNj8xK:6:191814
    at se (https://weather.com/_next/static/chunks/407047f5-9db8.js?dpl=dpl_6mvSuGWkee2HYUq1UG98CoqNj8xK:6:191915)
    at sW (https://weather.com/_next/static/chunks/407047f5-9db8.js?dpl=dpl_6mvSuGWkee2HYUq1UG98CoqNj8xK:6:218479)
    at MessagePort.O (https://weather.com/_next/static/chunks/407047f5-9db8.js?dpl=dpl_6mvSuGWkee2HYUq1UG98CoqNj8xK:6:66637)
[    7199ms] [WARNING] [GPT] PubAdsService.enableSingleRequest is deprecated, use googletag.setConfig({singleRequest: ...}) instead.
https://goo.gle/gpt-message#170 @ :5
[    7201ms] [INFO] Helios: Process special slot  WX_Hidden @ :5
[    7201ms] [INFO] Helios: Process special slot  MW_Interstitial @ :5
[    7205ms] [WARNING] [GPT] Slot.setTargeting is deprecated, use Slot.setConfig({targeting: ...}) instead.
https://goo.gle/gpt-message#171 @ :5
[    8973ms] [WARNING] Identity value for 'email' is falsy (). This value will be removed from the request. @ :5
[    9245ms] [ERROR] p: MISSING_MESSAGE: HealthAndActivities.healthAndActivities (en-IN)
    at c (https://weather.com/_next/static/chunks/1agbnwcbp22v4.js?dpl=dpl_6mvSuGWkee2HYUq1UG98CoqNj8xK:3:8277)
    at m (https://weather.com/_next/static/chunks/1agbnwcbp22v4.js?dpl=dpl_6mvSuGWkee2HYUq1UG98CoqNj8xK:3:8464)
    at f (https://weather.com/_next/static/chunks/1agbnwcbp22v4.js?dpl=dpl_6mvSuGWkee2HYUq1UG98CoqNj8xK:3:8923)
    at d (https://weather.com/_next/static/chunks/2rqgnaba-_iax.js?dpl=dpl_6mvSuGWkee2HYUq1UG98CoqNj8xK:5:208629)
    at oy (https://weather.com/_next/static/chunks/407047f5-9db8.js?dpl=dpl_6mvSuGWkee2HYUq1UG98CoqNj8xK:6:121829)
    at i0 (https://weather.com/_next/static/chunks/407047f5-9db8.js?dpl=dpl_6mvSuGWkee2HYUq1UG98CoqNj8xK:6:142086)
    at ls (https://weather.com/_next/static/chunks/407047f5-9db8.js?dpl=dpl_6mvSuGWkee2HYUq1UG98CoqNj8xK:6:153688)
    at sd (https://weather.com/_next/static/chunks/407047f5-9db8.js?dpl=dpl_6mvSuGWkee2HYUq1UG98CoqNj8xK:6:196928)
    at https://weather.com/_next/static/chunks/407047f5-9db8.js?dpl=dpl_6mvSuGWkee2HYUq1UG98CoqNj8xK:6:196773
    at sf (https://weather.com/_next/static/chunks/407047f5-9db8.js?dpl=dpl_6mvSuGWkee2HYUq1UG98CoqNj8xK:6:196781) @ :5
[    9264ms] [ERROR] Failed to load resource: the server responded with a status of 404 () @ https://api.weather.com/v3/alerts/headlines?format=json&language=en-IN&apiKey=71f92ea9dd2f4790b92ea9dd2f779061&geocode=28.614%2C77.209:0
[    9492ms] [ERROR] p: MISSING_MESSAGE: HealthAndActivities.healthAndActivities (en-IN)
    at c (https://weather.com/_next/static/chunks/1agbnwcbp22v4.js?dpl=dpl_6mvSuGWkee2HYUq1UG98CoqNj8xK:3:8277)
    at m (https://weather.com/_next/static/chunks/1agbnwcbp22v4.js?dpl=dpl_6mvSuGWkee2HYUq1UG98CoqNj8xK:3:8464)
    at f (https://weather.com/_next/static/chunks/1agbnwcbp22v4.js?dpl=dpl_6mvSuGWkee2HYUq1UG98CoqNj8xK:3:8923)
    at d (https://weather.com/_next/static/chunks/2rqgnaba-_iax.js?dpl=dpl_6mvSuGWkee2HYUq1UG98CoqNj8xK:5:208629)
    at oy (https://weather.com/_next/static/chunks/407047f5-9db8.js?dpl=dpl_6mvSuGWkee2HYUq1UG98CoqNj8xK:6:121829)
    at i0 (https://weather.com/_next/static/chunks/407047f5-9db8.js?dpl=dpl_6mvSuGWkee2HYUq1UG98CoqNj8xK:6:142086)
    at ls (https://weather.com/_next/static/chunks/407047f5-9db8.js?dpl=dpl_6mvSuGWkee2HYUq1UG98CoqNj8xK:6:153688)
    at sd (https://weather.com/_next/static/chunks/407047f5-9db8.js?dpl=dpl_6mvSuGWkee2HYUq1UG98CoqNj8xK:6:196928)
    at https://weather.com/_next/static/chunks/407047f5-9db8.js?dpl=dpl_6mvSuGWkee2HYUq1UG98CoqNj8xK:6:196773
    at sf (https://weather.com/_next/static/chunks/407047f5-9db8.js?dpl=dpl_6mvSuGWkee2HYUq1UG98CoqNj8xK:6:196781) @ :5
[    9681ms] [WARNING] adgb - not initialized. @ :5
[   14666ms] [ERROR] Provider's accounts list is empty. @ https://weather.com/en-IN/in/delhi/city/new-delhi/today?Goto=Redirected:0
[   14726ms] [WARNING] [GPT] Using deprecated googletag.encryptedSignalProviders. Please use googletag.secureSignalProviders instead.
https://goo.gle/gpt-message#155 @ :5
[   14976ms] [WARNING] Placements With no Content: Below Content Thumbnails - today | Lazy Injected 1 @ :5
[   14978ms] [WARNING] Placements With no Content: Below Content Thumbnails - today | Lazy Injected 1 @ :5
[   15947ms] [ERROR] [GSI_LOGGER]: FedCM get() rejects with NetworkError: Error retrieving a token. @ :5
[   19690ms] [ERROR] Failed to load resource: the server responded with a status of 404 () @ https://api.weather.com/v3/alerts/headlines?format=json&language=en-IN&apiKey=71f92ea9dd2f4790b92ea9dd2f779061&geocode=28.614%2C77.209:0
[   25436ms] [WARNING] The resource https://weather.com/_next/static/chunks/16yf-fk_5dxil.js?dpl=dpl_6mvSuGWkee2HYUq1UG98CoqNj8xK was preloaded using link preload but not used within a few seconds from the window's load event. Please make sure it has an appropriate `as` value and it is preloaded intentionally. @ https://weather.com/en-IN/in/delhi/city/new-delhi/today?Goto=Redirected:0
[   25436ms] [WARNING] The resource https://hq2zc2zefnwmg3wcm.ay.delivery/client-v2.js was preloaded using link preload but not used within a few seconds from the window's load event. Please make sure it has an appropriate `as` value and it is preloaded intentionally. @ https://weather.com/en-IN/in/delhi/city/new-delhi/today?Goto=Redirected:0
[   25436ms] [WARNING] The resource https://hq2zc2zefnwmg3wcm.ay.delivery/s2s-client-v1.js was preloaded using link preload but not used within a few seconds from the window's load event. Please make sure it has an appropriate `as` value and it is preloaded intentionally. @ https://weather.com/en-IN/in/delhi/city/new-delhi/today?Goto=Redirected:0
[   28744ms] [ERROR] Failed to load resource: the server responded with a status of 400 () @ https://match.prod.bidr.io/cookie-sync/see:0
[   30314ms] [ERROR] Failed to load resource: net::ERR_CONNECTION_CLOSED @ https://csync.loopme.me/?pubid=11466&redirect=https%3A%2F%2Fdsum-sec.casalemedia.com%2Frum%3Fcm_dsp_id%3D24%26external_user_id%3D%7Bviewer_token%7D&us_privacy=&gdpr=&gdpr_consent=&gpp=&gpp_sid=:0
[   32785ms] [ERROR] Failed to load resource: net::ERR_CONNECTION_CLOSED @ https://csync.loopme.me/?pubid=11466&redirect=https%3A%2F%2Fdsum-sec.casalemedia.com%2Frum%3Fcm_dsp_id%3D24%26external_user_id%3D%7Bviewer_token%7D&us_privacy=&gdpr=&gdpr_consent=&gpp=&gpp_sid=:0
[   35097ms] [ERROR] Failed to load resource: net::ERR_CONNECTION_REFUSED @ https://cs.nex8.net/cs/openx:0
[   35097ms] [ERROR] Failed to load resource: net::ERR_CONNECTION_REFUSED @ https://cs.nex8.net/cs/openx:0
[   36873ms] [ERROR] Failed to load resource: the server responded with a status of 424 (Failed Dependency) @ https://t.adx.opera.com/pub/sync?pubid=pub10101531197440&gdpr=1&gdpr_consent=:0
[   39555ms] [ERROR] Failed to load resource: net::ERR_CONNECTION_CLOSED @ https://sync.1rx.io/usersync2/rmpssp?sub=onetaglimited&gdpr=1&gdpr_consent=${GDPR_CONSENT}&us_privacy=:0
[   40008ms] [ERROR] Failed to load resource: net::ERR_CONNECTION_CLOSED @ https://ap.lijit.com/pixel?gdpr=0&gdpr_consent=&us_privacy=&gpp=&gpp_sid=&redir=https%3A%2F%2Fs.seedtag.com%2Fcs%2Fcookiesync%2Fsovrn%3Fchanneluid%3D%24UID:0
[   44160ms] [ERROR] Failed to load resource: net::ERR_NAME_NOT_RESOLVED @ https://match.rundsp.com/redirect?ex=openx:0
[   44928ms] [ERROR] Failed to load resource: net::ERR_NAME_NOT_RESOLVED @ https://dps.jp.cinarra.com/pxd?PLATFORM_ID=1&USER_ID=6f62b816-c527-80d1-d507-8ef826031bb1:0
[   45041ms] [ERROR] Failed to load resource: net::ERR_CONNECTION_CLOSED @ https://sync.1rx.io/usersync2/rmpssp?sub=taboola:0
[   40008ms] [ERROR] Failed to load resource: net::ERR_CONNECTION_CLOSED @ https://ap.lijit.com/pixel?gdpr=0&gdpr_consent=&us_privacy=&gpp=&gpp_sid=&redir=https%3A%2F%2Fs.seedtag.com%2Fcs%2Fcookiesync%2Fsovrn%3Fchanneluid%3D%24UID:0
[   46264ms] [ERROR] Failed to load resource: the server responded with a status of 404 () @ https://api.weather.com/v3/alerts/headlines?format=json&language=en-IN&apiKey=71f92ea9dd2f4790b92ea9dd2f779061&geocode=28.614%2C77.209:0
[   62600ms] [WARNING] The resource https://weather.com/_next/static/chunks/16yf-fk_5dxil.js?dpl=dpl_6mvSuGWkee2HYUq1UG98CoqNj8xK was preloaded using link preload but not used within a few seconds from the window's load event. Please make sure it has an appropriate `as` value and it is preloaded intentionally. @ https://weather.com/en-IN/in/delhi/city/new-delhi/today?Goto=Redirected:0
[   62601ms] [WARNING] The resource https://hq2zc2zefnwmg3wcm.ay.delivery/client-v2.js was preloaded using link preload but not used within a few seconds from the window's load event. Please make sure it has an appropriate `as` value and it is preloaded intentionally. @ https://weather.com/en-IN/in/delhi/city/new-delhi/today?Goto=Redirected:0
[   62601ms] [WARNING] The resource https://hq2zc2zefnwmg3wcm.ay.delivery/s2s-client-v1.js was preloaded using link preload but not used within a few seconds from the window's load event. Please make sure it has an appropriate `as` value and it is preloaded intentionally. @ https://weather.com/en-IN/in/delhi/city/new-delhi/today?Goto=Redirected:0
[   40008ms] [ERROR] Failed to load resource: net::ERR_CONNECTION_CLOSED @ https://ap.lijit.com/pixel?gdpr=0&gdpr_consent=&us_privacy=&gpp=&gpp_sid=&redir=https%3A%2F%2Fs.seedtag.com%2Fcs%2Fcookiesync%2Fsovrn%3Fchanneluid%3D%24UID:0
[   65043ms] [ERROR] Failed to load resource: net::ERR_TOO_MANY_REDIRECTS @ https://ittpx.eskimi.com/sync?sp_id=174&gdpr=0&gdpr_consent=&us_privacy=&gpp=&gpp_sid=&dest=https%3A%2F%2Fid5-sync.com%2Fc%2F464%2F1854%2F0%2F8.gif%3Fpuid%3D%24%7BUSER_ID%7D%26gdpr%3D0%26gdpr_consent%3D:0
[   68059ms] [WARNING] The resource https://weather.com/_next/static/chunks/16yf-fk_5dxil.js?dpl=dpl_6mvSuGWkee2HYUq1UG98CoqNj8xK was preloaded using link preload but not used within a few seconds from the window's load event. Please make sure it has an appropriate `as` value and it is preloaded intentionally. @ https://weather.com/en-IN/in/delhi/city/new-delhi/today?Goto=Redirected:0
[   68060ms] [WARNING] The resource https://hq2zc2zefnwmg3wcm.ay.delivery/client-v2.js was preloaded using link preload but not used within a few seconds from the window's load event. Please make sure it has an appropriate `as` value and it is preloaded intentionally. @ https://weather.com/en-IN/in/delhi/city/new-delhi/today?Goto=Redirected:0
[   68060ms] [WARNING] The resource https://hq2zc2zefnwmg3wcm.ay.delivery/s2s-client-v1.js was preloaded using link preload but not used within a few seconds from the window's load event. Please make sure it has an appropriate `as` value and it is preloaded intentionally. @ https://weather.com/en-IN/in/delhi/city/new-delhi/today?Goto=Redirected:0
[   81686ms] [ERROR] Failed to load resource: the server responded with a status of 404 () @ https://api.weather.com/v3/alerts/headlines?format=json&language=en-IN&apiKey=71f92ea9dd2f4790b92ea9dd2f779061&geocode=28.614%2C77.209:0
